c:\users\ravikiran\downloads\ids6938-simulationtechniques-master (5)\ids6938-simulationtechniques-master\homework1\jellocube-basecode\builds\jello.dir\debug\main.obj
c:\users\ravikiran\downloads\ids6938-simulationtechniques-master (5)\ids6938-simulationtechniques-master\homework1\jellocube-basecode\builds\jello.dir\debug\fps.obj
c:\users\ravikiran\downloads\ids6938-simulationtechniques-master (5)\ids6938-simulationtechniques-master\homework1\jellocube-basecode\builds\jello.dir\debug\world.obj
c:\users\ravikiran\downloads\ids6938-simulationtechniques-master (5)\ids6938-simulationtechniques-master\homework1\jellocube-basecode\builds\jello.dir\debug\vec.obj
c:\users\ravikiran\downloads\ids6938-simulationtechniques-master (5)\ids6938-simulationtechniques-master\homework1\jellocube-basecode\builds\jello.dir\debug\jellomesh.obj
c:\users\ravikiran\downloads\ids6938-simulationtechniques-master (5)\ids6938-simulationtechniques-master\homework1\jellocube-basecode\builds\jello.dir\debug\camera.obj
c:\users\ravikiran\downloads\ids6938-simulationtechniques-master (5)\ids6938-simulationtechniques-master\homework1\jellocube-basecode\builds\jello.dir\debug\vc140.pdb
c:\users\ravikiran\downloads\ids6938-simulationtechniques-master (5)\ids6938-simulationtechniques-master\homework1\jellocube-basecode\builds\cmakefiles\generate.stamp
c:\users\ravikiran\downloads\ids6938-simulationtechniques-master (5)\ids6938-simulationtechniques-master\homework1\jellocube-basecode\builds\debug\jello.ilk
c:\users\ravikiran\downloads\ids6938-simulationtechniques-master (5)\ids6938-simulationtechniques-master\homework1\jellocube-basecode\builds\debug\jello.exe
c:\users\ravikiran\downloads\ids6938-simulationtechniques-master (5)\ids6938-simulationtechniques-master\homework1\jellocube-basecode\builds\debug\jello.pdb
c:\users\ravikiran\downloads\ids6938-simulationtechniques-master (5)\ids6938-simulationtechniques-master\homework1\jellocube-basecode\builds\jello.dir\debug\jello.tlog\cl.command.1.tlog
c:\users\ravikiran\downloads\ids6938-simulationtechniques-master (5)\ids6938-simulationtechniques-master\homework1\jellocube-basecode\builds\jello.dir\debug\jello.tlog\cl.read.1.tlog
c:\users\ravikiran\downloads\ids6938-simulationtechniques-master (5)\ids6938-simulationtechniques-master\homework1\jellocube-basecode\builds\jello.dir\debug\jello.tlog\cl.write.1.tlog
c:\users\ravikiran\downloads\ids6938-simulationtechniques-master (5)\ids6938-simulationtechniques-master\homework1\jellocube-basecode\builds\jello.dir\debug\jello.tlog\custombuild.command.1.tlog
c:\users\ravikiran\downloads\ids6938-simulationtechniques-master (5)\ids6938-simulationtechniques-master\homework1\jellocube-basecode\builds\jello.dir\debug\jello.tlog\custombuild.read.1.tlog
c:\users\ravikiran\downloads\ids6938-simulationtechniques-master (5)\ids6938-simulationtechniques-master\homework1\jellocube-basecode\builds\jello.dir\debug\jello.tlog\custombuild.write.1.tlog
c:\users\ravikiran\downloads\ids6938-simulationtechniques-master (5)\ids6938-simulationtechniques-master\homework1\jellocube-basecode\builds\jello.dir\debug\jello.tlog\link.command.1.tlog
c:\users\ravikiran\downloads\ids6938-simulationtechniques-master (5)\ids6938-simulationtechniques-master\homework1\jellocube-basecode\builds\jello.dir\debug\jello.tlog\link.read.1.tlog
c:\users\ravikiran\downloads\ids6938-simulationtechniques-master (5)\ids6938-simulationtechniques-master\homework1\jellocube-basecode\builds\jello.dir\debug\jello.tlog\link.write.1.tlog
